<?xml version="1.0" encoding="UTF-8"?>
<testng-results skipped="0" failed="0" ignored="0" total="1" passed="1">
  <reporter-output>
  </reporter-output>
  <suite name="Default suite" duration-ms="19419" started-at="2019-02-12T19:28:05Z" finished-at="2019-02-12T19:28:25Z">
    <groups>
    </groups>
    <test name="Default test" duration-ms="19419" started-at="2019-02-12T19:28:05Z" finished-at="2019-02-12T19:28:25Z">
      <class name="mt_Test.RegisterPageTest">
        <test-method status="PASS" signature="setup()[pri:0, instance:mt_Test.RegisterPageTest@5c3bd550]" name="setup" is-config="true" duration-ms="6816" started-at="2019-02-12T19:28:05Z" finished-at="2019-02-12T19:28:12Z">
          <reporter-output>
          </reporter-output>
        </test-method> <!-- setup -->
        <test-method status="PASS" signature="EnterBasicInfo(java.lang.String, java.lang.String, java.lang.String, java.lang.String, java.lang.String, java.lang.String, java.lang.String, java.lang.String, java.lang.String, java.lang.String, java.lang.String)[pri:0, instance:mt_Test.RegisterPageTest@5c3bd550]" name="EnterBasicInfo" duration-ms="12489" started-at="2019-02-12T19:28:12Z" data-provider="getData" finished-at="2019-02-12T19:28:24Z">
          <params>
            <param index="0">
              <value>
                <![CDATA[Abcd]]>
              </value>
            </param>
            <param index="1">
              <value>
                <![CDATA[Xyzz]]>
              </value>
            </param>
            <param index="2">
              <value>
                <![CDATA[989798668]]>
              </value>
            </param>
            <param index="3">
              <value>
                <![CDATA[kajajksha@jhjk.com]]>
              </value>
            </param>
            <param index="4">
              <value>
                <![CDATA[212njnjnkd]]>
              </value>
            </param>
            <param index="5">
              <value>
                <![CDATA[sjjdjd]]>
              </value>
            </param>
            <param index="6">
              <value>
                <![CDATA[sjksj]]>
              </value>
            </param>
            <param index="7">
              <value>
                <![CDATA[93938]]>
              </value>
            </param>
            <param index="8">
              <value>
                <![CDATA[lklkdfdf]]>
              </value>
            </param>
            <param index="9">
              <value>
                <![CDATA[dkjskdgfd]]>
              </value>
            </param>
            <param index="10">
              <value>
                <![CDATA[jhj]]>
              </value>
            </param>
          </params>
          <reporter-output>
          </reporter-output>
        </test-method> <!-- EnterBasicInfo -->
        <test-method status="PASS" signature="tearDown()[pri:0, instance:mt_Test.RegisterPageTest@5c3bd550]" name="tearDown" is-config="true" duration-ms="78" started-at="2019-02-12T19:28:24Z" finished-at="2019-02-12T19:28:25Z">
          <reporter-output>
          </reporter-output>
        </test-method> <!-- tearDown -->
      </class> <!-- mt_Test.RegisterPageTest -->
    </test> <!-- Default test -->
  </suite> <!-- Default suite -->
</testng-results>
